<?xml version="1.0" encoding="UTF-8"?>
<TestRun id="df778da3-2c70-407c-bf46-729ddf2612bd" name="User@GLOBEX3 2010-11-27 10:27:34" runUser="Globex3\User" xmlns="http://microsoft.com/schemas/VisualStudio/TeamTest/2010">
  <TestSettings name="Local" id="32da79ee-237c-42d3-bb1d-ed78cd22848e">
    <Description>These are default test settings for a local test run.</Description>
    <Deployment enabled="false" runDeploymentRoot="User_GLOBEX3 2010-11-27 10_27_34">
      <DeploymentItem filename="D:\Code\ZencoderWrapper\lib\Newtonsoft.Json.dll" />
      <DeploymentItem filename="D:\Code\ZencoderWrapper\lib\RestSharp.dll" />
      <DeploymentItem filename="d:\code\ZencoderWrapper\ZencoderWrapper\bin\Debug\ZencoderWrapper.dll" />
    </Deployment>
    <Execution>
      <TestTypeSpecific />
      <AgentRule name="Execution Agents">
      </AgentRule>
    </Execution>
  </TestSettings>
  <Times creation="2010-11-27T10:27:34.3026000-06:00" queuing="2010-11-27T10:27:36.1936000-06:00" start="2010-11-27T10:27:36.3646000-06:00" finish="2010-11-27T10:27:53.0366000-06:00" />
  <ResultSummary outcome="Completed">
    <Counters total="1" executed="1" passed="1" error="0" failed="0" timeout="0" aborted="0" inconclusive="0" passedButRunAborted="0" notRunnable="0" notExecuted="0" disconnected="0" warning="0" completed="0" inProgress="0" pending="0" />
  </ResultSummary>
  <TestDefinitions>
    <UnitTest name="CreateAccountTest" storage="d:\code\zencoderwrapper\zencoderwrapper.tests\bin\debug\zencoderwrapper.tests.dll" id="01ac6f45-def8-4fdd-db30-4be7eeacbed7">
      <Execution id="4d5644d2-678a-4c2d-8550-c0d0c8590e25" />
      <TestMethod codeBase="D:/Code/ZencoderWrapper/ZencoderWrapper.Tests/bin/Debug/ZencoderWrapper.Tests.DLL" adapterTypeName="Microsoft.VisualStudio.TestTools.TestTypes.Unit.UnitTestAdapter, Microsoft.VisualStudio.QualityTools.Tips.UnitTest.Adapter, Version=10.0.0.0, Culture=neutral, PublicKeyToken=b03f5f7f11d50a3a" className="ZencoderWrapper.Tests.ZencoderClientTest, ZencoderWrapper.Tests, Version=1.0.0.0, Culture=neutral, PublicKeyToken=null" name="CreateAccountTest" />
    </UnitTest>
  </TestDefinitions>
  <TestLists>
    <TestList name="Results Not in a List" id="8c84fa94-04c1-424b-9868-57a2d4851a1d" />
    <TestList name="All Loaded Results" id="19431567-8539-422a-85d7-44ee4e166bda" />
  </TestLists>
  <TestEntries>
    <TestEntry testId="01ac6f45-def8-4fdd-db30-4be7eeacbed7" executionId="4d5644d2-678a-4c2d-8550-c0d0c8590e25" testListId="8c84fa94-04c1-424b-9868-57a2d4851a1d" />
  </TestEntries>
  <Results>
    <UnitTestResult executionId="4d5644d2-678a-4c2d-8550-c0d0c8590e25" testId="01ac6f45-def8-4fdd-db30-4be7eeacbed7" testName="CreateAccountTest" computerName="GLOBEX3" duration="00:00:14.7856861" startTime="2010-11-27T10:27:36.6036000-06:00" endTime="2010-11-27T10:27:52.9096000-06:00" testType="13cdc9d9-ddb5-4fa4-a97d-d965ccfc6d4b" outcome="Passed" testListId="8c84fa94-04c1-424b-9868-57a2d4851a1d" relativeResultsDirectory="4d5644d2-678a-4c2d-8550-c0d0c8590e25">
    </UnitTestResult>
  </Results>
</TestRun>