<?xml version="1.0" encoding="UTF-8"?>
<TestRun id="4015678a-7525-4107-8478-62c74e8adcbb" name="User@GLOBEX3 2010-11-27 10:26:51" runUser="Globex3\User" xmlns="http://microsoft.com/schemas/VisualStudio/TeamTest/2010">
  <TestSettings name="Local" id="32da79ee-237c-42d3-bb1d-ed78cd22848e">
    <Description>These are default test settings for a local test run.</Description>
    <Deployment enabled="false" runDeploymentRoot="User_GLOBEX3 2010-11-27 10_26_51">
      <DeploymentItem filename="D:\Code\ZencoderWrapper\lib\Newtonsoft.Json.dll" />
      <DeploymentItem filename="D:\Code\ZencoderWrapper\lib\RestSharp.dll" />
      <DeploymentItem filename="d:\code\ZencoderWrapper\ZencoderWrapper\bin\Debug\ZencoderWrapper.dll" />
    </Deployment>
    <Execution>
      <TestTypeSpecific />
      <AgentRule name="Execution Agents">
      </AgentRule>
    </Execution>
  </TestSettings>
  <Times creation="2010-11-27T10:26:51.7696000-06:00" queuing="2010-11-27T10:26:53.6826000-06:00" start="2010-11-27T10:26:53.8716000-06:00" finish="2010-11-27T10:27:09.8006000-06:00" />
  <ResultSummary outcome="Failed">
    <Counters total="1" executed="1" error="0" failed="1" timeout="0" aborted="0" inconclusive="0" passedButRunAborted="0" notRunnable="0" notExecuted="0" disconnected="0" warning="0" passed="0" completed="0" inProgress="0" pending="0" />
  </ResultSummary>
  <TestDefinitions>
    <UnitTest name="CreateAccountTest" storage="d:\code\zencoderwrapper\zencoderwrapper.tests\bin\debug\zencoderwrapper.tests.dll" id="01ac6f45-def8-4fdd-db30-4be7eeacbed7">
      <Execution id="2c8f3fda-ab58-49c0-bd61-e81d0fdcbea4" />
      <TestMethod codeBase="D:/Code/ZencoderWrapper/ZencoderWrapper.Tests/bin/Debug/ZencoderWrapper.Tests.DLL" adapterTypeName="Microsoft.VisualStudio.TestTools.TestTypes.Unit.UnitTestAdapter, Microsoft.VisualStudio.QualityTools.Tips.UnitTest.Adapter, Version=10.0.0.0, Culture=neutral, PublicKeyToken=b03f5f7f11d50a3a" className="ZencoderWrapper.Tests.ZencoderClientTest, ZencoderWrapper.Tests, Version=1.0.0.0, Culture=neutral, PublicKeyToken=null" name="CreateAccountTest" />
    </UnitTest>
  </TestDefinitions>
  <TestLists>
    <TestList name="Results Not in a List" id="8c84fa94-04c1-424b-9868-57a2d4851a1d" />
    <TestList name="All Loaded Results" id="19431567-8539-422a-85d7-44ee4e166bda" />
  </TestLists>
  <TestEntries>
    <TestEntry testId="01ac6f45-def8-4fdd-db30-4be7eeacbed7" executionId="2c8f3fda-ab58-49c0-bd61-e81d0fdcbea4" testListId="8c84fa94-04c1-424b-9868-57a2d4851a1d" />
  </TestEntries>
  <Results>
    <UnitTestResult executionId="2c8f3fda-ab58-49c0-bd61-e81d0fdcbea4" testId="01ac6f45-def8-4fdd-db30-4be7eeacbed7" testName="CreateAccountTest" computerName="GLOBEX3" duration="00:00:14.0820966" startTime="2010-11-27T10:26:54.0456000-06:00" endTime="2010-11-27T10:27:09.6766000-06:00" testType="13cdc9d9-ddb5-4fa4-a97d-d965ccfc6d4b" outcome="Failed" testListId="8c84fa94-04c1-424b-9868-57a2d4851a1d" relativeResultsDirectory="2c8f3fda-ab58-49c0-bd61-e81d0fdcbea4">
      <Output>
        <ErrorInfo>
          <Message>Test method ZencoderWrapper.Tests.ZencoderClientTest.CreateAccountTest threw exception: 
System.ApplicationException: Email has already been taken</Message>
          <StackTrace>    at ZencoderWrapper.ZencoderClient.ValidateResponse(IRestResponse Response, HttpStatusCode SuccessCode) in D:\Code\ZencoderWrapper\ZencoderWrapper\ZencoderClient.cs:line 343
   at ZencoderWrapper.ZencoderClient.CreateAccount(CreateAccountRequest Account) in D:\Code\ZencoderWrapper\ZencoderWrapper\ZencoderClient.cs:line 222
   at ZencoderWrapper.Tests.ZencoderClientTest.CreateAccountTest() in D:\Code\ZencoderWrapper\ZencoderWrapper.Tests\ZencoderClientTest.cs:line 129
</StackTrace>
        </ErrorInfo>
      </Output>
    </UnitTestResult>
  </Results>
</TestRun>