<?xml version="1.0" encoding="UTF-8"?>
<TestRun id="7c628496-c95e-4e73-9068-3a2509e9f3c0" name="User@GLOBEX3 2010-11-27 10:46:28" runUser="Globex3\User" xmlns="http://microsoft.com/schemas/VisualStudio/TeamTest/2010">
  <TestSettings name="Local" id="32da79ee-237c-42d3-bb1d-ed78cd22848e">
    <Description>These are default test settings for a local test run.</Description>
    <Deployment enabled="false" runDeploymentRoot="User_GLOBEX3 2010-11-27 10_46_28">
      <DeploymentItem filename="D:\Code\ZencoderWrapper\lib\Newtonsoft.Json.dll" />
      <DeploymentItem filename="D:\Code\ZencoderWrapper\lib\RestSharp.dll" />
      <DeploymentItem filename="d:\code\ZencoderWrapper\ZencoderWrapper\bin\Debug\ZencoderWrapper.dll" />
    </Deployment>
    <Execution>
      <TestTypeSpecific />
      <AgentRule name="Execution Agents">
      </AgentRule>
    </Execution>
  </TestSettings>
  <Times creation="2010-11-27T10:46:28.2436000-06:00" queuing="2010-11-27T10:46:30.0306000-06:00" start="2010-11-27T10:46:30.1226000-06:00" finish="2010-11-27T10:46:37.7596000-06:00" />
  <ResultSummary outcome="Completed">
    <Counters total="1" executed="1" passed="1" error="0" failed="0" timeout="0" aborted="0" inconclusive="0" passedButRunAborted="0" notRunnable="0" notExecuted="0" disconnected="0" warning="0" completed="0" inProgress="0" pending="0" />
  </ResultSummary>
  <TestDefinitions>
    <UnitTest name="Submit_OneLiner_JobTest" storage="d:\code\zencoderwrapper\zencoderwrapper.tests\bin\debug\zencoderwrapper.tests.dll" id="f5a147a6-debc-b8c7-3f02-cb101efa0ee3">
      <Execution id="bf8b9afb-a418-4e7e-9635-151e2ab0cb8d" />
      <TestMethod codeBase="D:/Code/ZencoderWrapper/ZencoderWrapper.Tests/bin/Debug/ZencoderWrapper.Tests.DLL" adapterTypeName="Microsoft.VisualStudio.TestTools.TestTypes.Unit.UnitTestAdapter, Microsoft.VisualStudio.QualityTools.Tips.UnitTest.Adapter, Version=10.0.0.0, Culture=neutral, PublicKeyToken=b03f5f7f11d50a3a" className="ZencoderWrapper.Tests.ZencoderClientTest, ZencoderWrapper.Tests, Version=1.0.0.0, Culture=neutral, PublicKeyToken=null" name="Submit_OneLiner_JobTest" />
    </UnitTest>
  </TestDefinitions>
  <TestLists>
    <TestList name="Results Not in a List" id="8c84fa94-04c1-424b-9868-57a2d4851a1d" />
    <TestList name="All Loaded Results" id="19431567-8539-422a-85d7-44ee4e166bda" />
  </TestLists>
  <TestEntries>
    <TestEntry testId="f5a147a6-debc-b8c7-3f02-cb101efa0ee3" executionId="bf8b9afb-a418-4e7e-9635-151e2ab0cb8d" testListId="8c84fa94-04c1-424b-9868-57a2d4851a1d" />
  </TestEntries>
  <Results>
    <UnitTestResult executionId="bf8b9afb-a418-4e7e-9635-151e2ab0cb8d" testId="f5a147a6-debc-b8c7-3f02-cb101efa0ee3" testName="Submit_OneLiner_JobTest" computerName="GLOBEX3" duration="00:00:05.3664915" startTime="2010-11-27T10:46:30.5576000-06:00" endTime="2010-11-27T10:46:37.6256000-06:00" testType="13cdc9d9-ddb5-4fa4-a97d-d965ccfc6d4b" outcome="Passed" testListId="8c84fa94-04c1-424b-9868-57a2d4851a1d" relativeResultsDirectory="bf8b9afb-a418-4e7e-9635-151e2ab0cb8d">
    </UnitTestResult>
  </Results>
</TestRun>